/*C2*/SET SCHEMA PUBLIC
CREATE TABLE DATABASECHANGELOGLOCK (ID INT NOT NULL, LOCKED BOOLEAN NOT NULL, LOCKGRANTED DATETIME, LOCKEDBY VARCHAR(255), CONSTRAINT PK_DATABASECHANGELOGLOCK PRIMARY KEY (ID))
INSERT INTO DATABASECHANGELOGLOCK VALUES(1,FALSE,NULL,NULL)
COMMIT
DELETE FROM DATABASECHANGELOGLOCK WHERE ID=1
INSERT INTO DATABASECHANGELOGLOCK VALUES(1,TRUE,'2013-05-15 14:20:32.532000','vrnnb-prc026 (10.233.47.45)')
COMMIT
CREATE TABLE DATABASECHANGELOG (ID VARCHAR(63) NOT NULL, AUTHOR VARCHAR(63) NOT NULL, FILENAME VARCHAR(200) NOT NULL, DATEEXECUTED DATETIME NOT NULL, ORDEREXECUTED INT NOT NULL, EXECTYPE VARCHAR(10) NOT NULL, MD5SUM VARCHAR(35), DESCRIPTION VARCHAR(255), COMMENTS VARCHAR(255), TAG VARCHAR(255), LIQUIBASE VARCHAR(20), CONSTRAINT PK_DATABASECHANGELOG PRIMARY KEY (ID, AUTHOR, FILENAME))
--   -------------------------------------------------- \u000a--   Generated by Enterprise Architect Version 8.0.864\u000a--   Created On : Saturday, 11 May, 2013 \u000a--   DBMS       : DB2 \u000a--   --------------------------------------------------\u000a\u000a--  Create Tables \u000aCREATE TABLE JobTitle ( \u000a\u0009jobTitleID Integer NOT NULL,\u000a\u0009name VARCHAR(50) NOT NULL,\u000a\u0009profession INTEGER,\u000a\u0009reference_value_hh INTEGER,\u000a\u0009reference_value_monster INTEGER\u000a)
CREATE TABLE JobTitleHH ( \u000a\u0009jobTitleHHID Integer NOT NULL,\u000a\u0009name VARCHAR(50) NOT NULL\u000a)
CREATE TABLE JobTitleMonster ( \u000a\u0009jobTitleMonsterID Integer NOT NULL,\u000a\u0009name VARCHAR(50) NOT NULL\u000a)
CREATE TABLE Profession ( \u000a\u0009professionID Integer NOT NULL,\u000a\u0009name VARCHAR(50) NOT NULL,\u000a\u0009reference_value_monster INTEGER,\u000a\u0009reference_value_hh INTEGER\u000a)
CREATE TABLE ProfessionHH ( \u000a\u0009professionHHID Integer NOT NULL,\u000a\u0009name VARCHAR(50) NOT NULL\u000a)
CREATE TABLE ProfessionMonster ( \u000a\u0009professionMonsterID Integer NOT NULL,\u000a\u0009name VARCHAR(50) NOT NULL\u000a)
--  Create Primary Key Constraints \u000aALTER TABLE JobTitle ADD CONSTRAINT PK_JobTitle \u000a\u0009PRIMARY KEY (jobTitleID)
ALTER TABLE JobTitleHH ADD CONSTRAINT PK_JobTitleHH \u000a\u0009PRIMARY KEY (jobTitleHHID)
ALTER TABLE JobTitleMonster ADD CONSTRAINT PK_JobTitleMonster \u000a\u0009PRIMARY KEY (jobTitleMonsterID)
ALTER TABLE Profession ADD CONSTRAINT PK_Profession \u000a\u0009PRIMARY KEY (professionID)
ALTER TABLE ProfessionHH ADD CONSTRAINT PK_ProfessionHH \u000a\u0009PRIMARY KEY (professionHHID)
ALTER TABLE ProfessionMonster ADD CONSTRAINT PK_ProfessionMonster \u000a\u0009PRIMARY KEY (professionMonsterID)
--  Create Foreign Key Constraints \u000aALTER TABLE JobTitle ADD CONSTRAINT FK_JobTitle_JobTitleHH \u000a\u0009FOREIGN KEY (reference_value_hh) REFERENCES JobTitleHH (jobTitleHHID)
ALTER TABLE JobTitle ADD CONSTRAINT FK_JobTitle_JobTitleMonster \u000a\u0009FOREIGN KEY (reference_value_monster) REFERENCES JobTitleMonster (jobTitleMonsterID)
ALTER TABLE JobTitle ADD CONSTRAINT FK_JobTitle_Profession \u000a\u0009FOREIGN KEY (profession) REFERENCES Profession (professionID)
ALTER TABLE Profession ADD CONSTRAINT FK_Profession_ProfessionHH \u000a\u0009FOREIGN KEY (reference_value_hh) REFERENCES ProfessionHH (professionHHID)\u000aON DELETE CASCADE
ALTER TABLE Profession ADD CONSTRAINT FK_Profession_ProfessionMonster \u000a\u0009FOREIGN KEY (reference_value_monster) REFERENCES ProfessionMonster (professionMonsterID)
INSERT INTO DATABASECHANGELOG VALUES('1','ivan','src/main/resources/liquibase/changlogs/dbshema.changelog.xml','2013-05-15 14:20:33.357000',1,'EXECUTED','3:d439c0e45ce64c7c99ff65c51fd90238','SQL From File','',NULL,'2.0.5')
COMMIT
ALTER TABLE public.jobtitle ALTER COLUMN jobtitleid int GENERATED BY DEFAULT AS IDENTITY (START WITH 1)
ALTER TABLE public.jobtitlehh ALTER COLUMN jobtitlehhID int GENERATED BY DEFAULT AS IDENTITY (START WITH 1)
ALTER TABLE public.jobtitlemonster ALTER COLUMN jobtitlemonsterid int GENERATED BY DEFAULT AS IDENTITY (START WITH 1)
ALTER TABLE public.profession ALTER COLUMN professionid int GENERATED BY DEFAULT AS IDENTITY (START WITH 1)
ALTER TABLE public.professionhh ALTER COLUMN professionhhid int GENERATED BY DEFAULT AS IDENTITY (START WITH 1)
ALTER TABLE public.professionmonster ALTER COLUMN professionmonsterid int GENERATED BY DEFAULT AS IDENTITY (START WITH 1)
INSERT INTO DATABASECHANGELOG VALUES('2','ivan','src/main/resources/liquibase/changlogs/dbshema.changelog.xml','2013-05-15 14:20:33.377000',2,'EXECUTED','3:791a610a872d95fc605816861bbaeb80','Set Column as Auto-Increment (x6)','',NULL,'2.0.5')
COMMIT
INSERT INTO PROFESSIONMONSTER VALUES(1,'pr_monster_test1')
INSERT INTO PROFESSIONHH VALUES(1,'pr_hh_test1')
COMMIT
INSERT INTO DATABASECHANGELOG VALUES('3','ivan','src/main/resources/liquibase/changlogs/dbdata.changelog.xml','2013-05-15 14:20:33.386000',3,'EXECUTED','3:430a465b864cf3f8372a0a5a6ca5c9bc','Insert Row (x2)','',NULL,'2.0.5')
COMMIT
DELETE FROM DATABASECHANGELOGLOCK WHERE ID=1
INSERT INTO DATABASECHANGELOGLOCK VALUES(1,FALSE,NULL,NULL)
COMMIT
DELETE FROM DATABASECHANGELOGLOCK WHERE ID=1
INSERT INTO DATABASECHANGELOGLOCK VALUES(1,FALSE,NULL,NULL)
COMMIT
DISCONNECT
/*C3*/SET SCHEMA PUBLIC
DELETE FROM DATABASECHANGELOGLOCK WHERE ID=1
INSERT INTO DATABASECHANGELOGLOCK VALUES(1,TRUE,'2013-05-15 14:24:23.600000','vrnnb-prc026 (10.233.47.45)')
COMMIT
INSERT INTO PROFESSION VALUES(2,'pr_test1',1,1)
COMMIT
INSERT INTO DATABASECHANGELOG VALUES('4','ivan','src/main/resources/liquibase/changlogs/dbdata.changelog.xml','2013-05-15 14:24:24.077000',4,'EXECUTED','3:a84a9b9ba9177e964713d2b5bfe0ec18','Insert Row','',NULL,'2.0.5')
COMMIT
INSERT INTO JOBTITLEMONSTER VALUES(1,'jt_monster_test1')
INSERT INTO JOBTITLEHH VALUES(1,'jt_hh_test1')
INSERT INTO JOBTITLE VALUES(1,'jt_monster_test1',NULL,1,1)
COMMIT
INSERT INTO DATABASECHANGELOG VALUES('5','ivan','src/main/resources/liquibase/changlogs/dbdata.changelog.xml','2013-05-15 14:24:24.090000',5,'EXECUTED','3:61d1ccc4fe899e62dfd9ed82435053a7','Insert Row (x3)','',NULL,'2.0.5')
COMMIT
DELETE FROM DATABASECHANGELOGLOCK WHERE ID=1
INSERT INTO DATABASECHANGELOGLOCK VALUES(1,FALSE,NULL,NULL)
COMMIT
DELETE FROM DATABASECHANGELOGLOCK WHERE ID=1
INSERT INTO DATABASECHANGELOGLOCK VALUES(1,FALSE,NULL,NULL)
COMMIT
DISCONNECT
/*C4*/SET SCHEMA PUBLIC
DISCONNECT
/*C5*/SET SCHEMA PUBLIC
DISCONNECT
/*C6*/SET SCHEMA PUBLIC
DISCONNECT
